  callbacks.cpp
  FloatingGenerator.cpp
  Level1.cpp
  CustomParticleGenerator.cpp
  ExplosionGenerator.cpp
  GeneratorNormal.cpp
  GeneratorUniforme.cpp
  GravityGenerator.cpp
  main.cpp
  Particle.cpp
  ParticleSystem.cpp
  Proyectile.cpp
  RB_WindGenerator.cpp
  RB_Generator.cpp
  RB_System.cpp
  RB_dynamic.cpp
C:\Users\migue\OneDrive\Escritorio\Trabajos\Tercero GDV\SIM\SimulacionFisica\common\PhysX-3.4\PxShared\include\task\PxTask.h(329,1): warning C5220: "physx::PxLightCpuTask::mRefCount": un miembro de datos no estático con un tipo calificado volátil ya no implica
           que los constructores de copia/movimiento generados por el compilador y los operadores de asignación de copia o movimiento no sean triviales (compilando archivo de origen Scenes\Level1.cpp)
C:\Users\migue\OneDrive\Escritorio\Trabajos\Tercero GDV\SIM\SimulacionFisica\common\PhysX-3.4\PxShared\include\task\PxTask.h(326): message : vea la declaración de 'physx::PxLightCpuTask::mRefCount' (compilando archivo de origen Scenes\Level1.cpp)
C:\Users\migue\OneDrive\Escritorio\Trabajos\Tercero GDV\SIM\SimulacionFisica\common\PhysX-3.4\PxShared\include\task\PxTask.h(329,1): warning C5220: "physx::PxLightCpuTask::mRefCount": un miembro de datos no estático con un tipo calificado volátil ya no implica
           que los constructores de copia/movimiento generados por el compilador y los operadores de asignación de copia o movimiento no sean triviales (compilando archivo de origen F_Generators\FloatingGenerator.cpp)
C:\Users\migue\OneDrive\Escritorio\Trabajos\Tercero GDV\SIM\SimulacionFisica\common\PhysX-3.4\PxShared\include\task\PxTask.h(326): message : vea la declaración de 'physx::PxLightCpuTask::mRefCount' (compilando archivo de origen F_Generators\FloatingGenerator.cpp)
C:\Users\migue\OneDrive\Escritorio\Trabajos\Tercero GDV\SIM\SimulacionFisica\common\PhysX-3.4\PxShared\include\task\PxTask.h(329,1): warning C5220: "physx::PxLightCpuTask::mRefCount": un miembro de datos no estático con un tipo calificado volátil ya no implica
           que los constructores de copia/movimiento generados por el compilador y los operadores de asignación de copia o movimiento no sean triviales (compilando archivo de origen F_Generators\ExplosionGenerator.cpp)
C:\Users\migue\OneDrive\Escritorio\Trabajos\Tercero GDV\SIM\SimulacionFisica\common\PhysX-3.4\PxShared\include\task\PxTask.h(326): message : vea la declaración de 'physx::PxLightCpuTask::mRefCount' (compilando archivo de origen F_Generators\ExplosionGenerator.cpp)
C:\Users\migue\OneDrive\Escritorio\Trabajos\Tercero GDV\SIM\SimulacionFisica\common\PhysX-3.4\PxShared\include\task\PxTask.h(329,1): warning C5220: "physx::PxLightCpuTask::mRefCount": un miembro de datos no estático con un tipo calificado volátil ya no implica
           que los constructores de copia/movimiento generados por el compilador y los operadores de asignación de copia o movimiento no sean triviales (compilando archivo de origen P_Generators\CustomParticleGenerator.cpp)
C:\Users\migue\OneDrive\Escritorio\Trabajos\Tercero GDV\SIM\SimulacionFisica\common\PhysX-3.4\PxShared\include\task\PxTask.h(326): message : vea la declaración de 'physx::PxLightCpuTask::mRefCount' (compilando archivo de origen P_Generators\CustomParticleGenerator.cpp)
C:\Users\migue\OneDrive\Escritorio\Trabajos\Tercero GDV\SIM\SimulacionFisica\common\PhysX-3.4\PxShared\include\task\PxTask.h(329,1): warning C5220: "physx::PxLightCpuTask::mRefCount": un miembro de datos no estático con un tipo calificado volátil ya no implica
           que los constructores de copia/movimiento generados por el compilador y los operadores de asignación de copia o movimiento no sean triviales (compilando archivo de origen P_Generators\GeneratorUniforme.cpp)
C:\Users\migue\OneDrive\Escritorio\Trabajos\Tercero GDV\SIM\SimulacionFisica\common\PhysX-3.4\PxShared\include\task\PxTask.h(326): message : vea la declaración de 'physx::PxLightCpuTask::mRefCount' (compilando archivo de origen P_Generators\GeneratorUniforme.cpp)
C:\Users\migue\OneDrive\Escritorio\Trabajos\Tercero GDV\SIM\SimulacionFisica\common\PhysX-3.4\PxShared\include\task\PxTask.h(329,1): warning C5220: "physx::PxLightCpuTask::mRefCount": un miembro de datos no estático con un tipo calificado volátil ya no implica
           que los constructores de copia/movimiento generados por el compilador y los operadores de asignación de copia o movimiento no sean triviales (compilando archivo de origen callbacks.cpp)
C:\Users\migue\OneDrive\Escritorio\Trabajos\Tercero GDV\SIM\SimulacionFisica\common\PhysX-3.4\PxShared\include\task\PxTask.h(326): message : vea la declaración de 'physx::PxLightCpuTask::mRefCount' (compilando archivo de origen callbacks.cpp)
C:\Users\migue\OneDrive\Escritorio\Trabajos\Tercero GDV\SIM\SimulacionFisica\common\PhysX-3.4\PxShared\include\task\PxTask.h(329,1): warning C5220: "physx::PxLightCpuTask::mRefCount": un miembro de datos no estático con un tipo calificado volátil ya no implica
           que los constructores de copia/movimiento generados por el compilador y los operadores de asignación de copia o movimiento no sean triviales (compilando archivo de origen P_Generators\GeneratorNormal.cpp)
C:\Users\migue\OneDrive\Escritorio\Trabajos\Tercero GDV\SIM\SimulacionFisica\common\PhysX-3.4\PxShared\include\task\PxTask.h(326): message : vea la declaración de 'physx::PxLightCpuTask::mRefCount' (compilando archivo de origen P_Generators\GeneratorNormal.cpp)
C:\Users\migue\OneDrive\Escritorio\Trabajos\Tercero GDV\SIM\SimulacionFisica\common\PhysX-3.4\PxShared\include\task\PxTask.h(329,1): warning C5220: "physx::PxLightCpuTask::mRefCount": un miembro de datos no estático con un tipo calificado volátil ya no implica
           que los constructores de copia/movimiento generados por el compilador y los operadores de asignación de copia o movimiento no sean triviales (compilando archivo de origen Proyectile.cpp)
C:\Users\migue\OneDrive\Escritorio\Trabajos\Tercero GDV\SIM\SimulacionFisica\common\PhysX-3.4\PxShared\include\task\PxTask.h(326): message : vea la declaración de 'physx::PxLightCpuTask::mRefCount' (compilando archivo de origen Proyectile.cpp)
C:\Users\migue\OneDrive\Escritorio\Trabajos\Tercero GDV\SIM\SimulacionFisica\common\PhysX-3.4\PxShared\include\task\PxTask.h(329,1): warning C5220: "physx::PxLightCpuTask::mRefCount": un miembro de datos no estático con un tipo calificado volátil ya no implica
           que los constructores de copia/movimiento generados por el compilador y los operadores de asignación de copia o movimiento no sean triviales (compilando archivo de origen RB_System.cpp)
C:\Users\migue\OneDrive\Escritorio\Trabajos\Tercero GDV\SIM\SimulacionFisica\common\PhysX-3.4\PxShared\include\task\PxTask.h(326): message : vea la declaración de 'physx::PxLightCpuTask::mRefCount' (compilando archivo de origen RB_System.cpp)
C:\Users\migue\OneDrive\Escritorio\Trabajos\Tercero GDV\SIM\SimulacionFisica\common\PhysX-3.4\PxShared\include\task\PxTask.h(329,1): warning C5220: "physx::PxLightCpuTask::mRefCount": un miembro de datos no estático con un tipo calificado volátil ya no implica
           que los constructores de copia/movimiento generados por el compilador y los operadores de asignación de copia o movimiento no sean triviales (compilando archivo de origen Particle.cpp)
C:\Users\migue\OneDrive\Escritorio\Trabajos\Tercero GDV\SIM\SimulacionFisica\common\PhysX-3.4\PxShared\include\task\PxTask.h(326): message : vea la declaración de 'physx::PxLightCpuTask::mRefCount' (compilando archivo de origen Particle.cpp)
C:\Users\migue\OneDrive\Escritorio\Trabajos\Tercero GDV\SIM\SimulacionFisica\common\PhysX-3.4\PxShared\include\task\PxTask.h(329,1): warning C5220: "physx::PxLightCpuTask::mRefCount": un miembro de datos no estático con un tipo calificado volátil ya no implica
           que los constructores de copia/movimiento generados por el compilador y los operadores de asignación de copia o movimiento no sean triviales (compilando archivo de origen Rigidbody\RB_dynamic.cpp)
C:\Users\migue\OneDrive\Escritorio\Trabajos\Tercero GDV\SIM\SimulacionFisica\common\PhysX-3.4\PxShared\include\task\PxTask.h(326): message : vea la declaración de 'physx::PxLightCpuTask::mRefCount' (compilando archivo de origen Rigidbody\RB_dynamic.cpp)
C:\Users\migue\OneDrive\Escritorio\Trabajos\Tercero GDV\SIM\SimulacionFisica\common\PhysX-3.4\PxShared\include\task\PxTask.h(329,1): warning C5220: "physx::PxLightCpuTask::mRefCount": un miembro de datos no estático con un tipo calificado volátil ya no implica
           que los constructores de copia/movimiento generados por el compilador y los operadores de asignación de copia o movimiento no sean triviales (compilando archivo de origen F_Generators\RB_WindGenerator.cpp)
C:\Users\migue\OneDrive\Escritorio\Trabajos\Tercero GDV\SIM\SimulacionFisica\common\PhysX-3.4\PxShared\include\task\PxTask.h(326): message : vea la declaración de 'physx::PxLightCpuTask::mRefCount' (compilando archivo de origen F_Generators\RB_WindGenerator.cpp)
C:\Users\migue\OneDrive\Escritorio\Trabajos\Tercero GDV\SIM\SimulacionFisica\common\PhysX-3.4\PxShared\include\task\PxTask.h(329,1): warning C5220: "physx::PxLightCpuTask::mRefCount": un miembro de datos no estático con un tipo calificado volátil ya no implica
           que los constructores de copia/movimiento generados por el compilador y los operadores de asignación de copia o movimiento no sean triviales (compilando archivo de origen F_Generators\GravityGenerator.cpp)
C:\Users\migue\OneDrive\Escritorio\Trabajos\Tercero GDV\SIM\SimulacionFisica\common\PhysX-3.4\PxShared\include\task\PxTask.h(326): message : vea la declaración de 'physx::PxLightCpuTask::mRefCount' (compilando archivo de origen F_Generators\GravityGenerator.cpp)
C:\Users\migue\OneDrive\Escritorio\Trabajos\Tercero GDV\SIM\SimulacionFisica\common\PhysX-3.4\PxShared\include\task\PxTask.h(329,1): warning C5220: "physx::PxLightCpuTask::mRefCount": un miembro de datos no estático con un tipo calificado volátil ya no implica
           que los constructores de copia/movimiento generados por el compilador y los operadores de asignación de copia o movimiento no sean triviales (compilando archivo de origen Rigidbody\RB_Generator.cpp)
C:\Users\migue\OneDrive\Escritorio\Trabajos\Tercero GDV\SIM\SimulacionFisica\common\PhysX-3.4\PxShared\include\task\PxTask.h(326): message : vea la declaración de 'physx::PxLightCpuTask::mRefCount' (compilando archivo de origen Rigidbody\RB_Generator.cpp)
C:\Users\migue\OneDrive\Escritorio\Trabajos\Tercero GDV\SIM\SimulacionFisica\common\PhysX-3.4\PxShared\include\task\PxTask.h(329,1): warning C5220: "physx::PxLightCpuTask::mRefCount": un miembro de datos no estático con un tipo calificado volátil ya no implica
           que los constructores de copia/movimiento generados por el compilador y los operadores de asignación de copia o movimiento no sean triviales (compilando archivo de origen ParticleSystem.cpp)
C:\Users\migue\OneDrive\Escritorio\Trabajos\Tercero GDV\SIM\SimulacionFisica\common\PhysX-3.4\PxShared\include\task\PxTask.h(326): message : vea la declaración de 'physx::PxLightCpuTask::mRefCount' (compilando archivo de origen ParticleSystem.cpp)
C:\Users\migue\OneDrive\Escritorio\Trabajos\Tercero GDV\SIM\SimulacionFisica\common\PhysX-3.4\PxShared\include\task\PxTask.h(329,1): warning C5220: "physx::PxLightCpuTask::mRefCount": un miembro de datos no estático con un tipo calificado volátil ya no implica
           que los constructores de copia/movimiento generados por el compilador y los operadores de asignación de copia o movimiento no sean triviales (compilando archivo de origen main.cpp)
C:\Users\migue\OneDrive\Escritorio\Trabajos\Tercero GDV\SIM\SimulacionFisica\common\PhysX-3.4\PxShared\include\task\PxTask.h(326): message : vea la declaración de 'physx::PxLightCpuTask::mRefCount' (compilando archivo de origen main.cpp)
C:\Users\migue\OneDrive\Escritorio\Trabajos\Tercero GDV\SIM\SimulacionFisica\skeleton\Scenes\Scene.h(18,38): warning C4100: 'key': parámetro formal sin referencia (compilando archivo de origen Scenes\Level1.cpp)
C:\Users\migue\OneDrive\Escritorio\Trabajos\Tercero GDV\SIM\SimulacionFisica\skeleton\Scenes\Scene.h(20,67): warning C4100: 'actor2': parámetro formal sin referencia (compilando archivo de origen Scenes\Level1.cpp)
C:\Users\migue\OneDrive\Escritorio\Trabajos\Tercero GDV\SIM\SimulacionFisica\skeleton\Scenes\Scene.h(20,43): warning C4100: 'actor1': parámetro formal sin referencia (compilando archivo de origen Scenes\Level1.cpp)
C:\Users\migue\OneDrive\Escritorio\Trabajos\Tercero GDV\SIM\SimulacionFisica\skeleton\Rigidbody\RB.h(43,1): warning C5204: "RB": la clase tiene funciones virtuales, pero su destructor trivial no es virtual; puede que las instancias de objetos derivados de esta clase no se destruyan correctamente (compilando archivo de origen Scenes\Level1.cpp)
C:\Users\migue\OneDrive\Escritorio\Trabajos\Tercero GDV\SIM\SimulacionFisica\skeleton\Rigidbody\RB.h(43,1): warning C5204: "RB": la clase tiene funciones virtuales, pero su destructor trivial no es virtual; puede que las instancias de objetos derivados de esta clase no se destruyan correctamente (compilando archivo de origen Rigidbody\RB_Generator.cpp)
C:\Users\migue\OneDrive\Escritorio\Trabajos\Tercero GDV\SIM\SimulacionFisica\skeleton\Rigidbody\RB.h(43,1): warning C5204: "RB": la clase tiene funciones virtuales, pero su destructor trivial no es virtual; puede que las instancias de objetos derivados de esta clase no se destruyan correctamente (compilando archivo de origen RB_System.cpp)
C:\Users\migue\OneDrive\Escritorio\Trabajos\Tercero GDV\SIM\SimulacionFisica\skeleton\Scenes\SceneRB.h(25,15): warning C4189: 'item': la variable local se ha inicializado pero no se hace referencia a ella (compilando archivo de origen Scenes\Level1.cpp)
C:\Users\migue\OneDrive\Escritorio\Trabajos\Tercero GDV\SIM\SimulacionFisica\skeleton\Scenes\SceneRB.h(38,67): warning C4100: 'actor2': parámetro formal sin referencia (compilando archivo de origen Scenes\Level1.cpp)
C:\Users\migue\OneDrive\Escritorio\Trabajos\Tercero GDV\SIM\SimulacionFisica\skeleton\Scenes\SceneRB.h(38,43): warning C4100: 'actor1': parámetro formal sin referencia (compilando archivo de origen Scenes\Level1.cpp)
C:\Users\migue\OneDrive\Escritorio\Trabajos\Tercero GDV\SIM\SimulacionFisica\skeleton\Rigidbody\RB_static.h(21,1): warning C5204: "RB_static": la clase tiene funciones virtuales, pero su destructor trivial no es virtual; puede que las instancias de objetos derivados de esta clase no se destruyan correctamente (compilando archivo de origen Scenes\Level1.cpp)
C:\Users\migue\OneDrive\Escritorio\Trabajos\Tercero GDV\SIM\SimulacionFisica\skeleton\Rigidbody\RB_dynamic.h(19,1): warning C5204: "RB_dynamic": la clase tiene funciones virtuales, pero su destructor trivial no es virtual; puede que las instancias de objetos derivados de esta clase no se destruyan correctamente (compilando archivo de origen Scenes\Level1.cpp)
C:\Users\migue\OneDrive\Escritorio\Trabajos\Tercero GDV\SIM\SimulacionFisica\skeleton\Rigidbody\RB.h(43,1): warning C5204: "RB": la clase tiene funciones virtuales, pero su destructor trivial no es virtual; puede que las instancias de objetos derivados de esta clase no se destruyan correctamente (compilando archivo de origen F_Generators\RB_WindGenerator.cpp)
C:\Users\migue\OneDrive\Escritorio\Trabajos\Tercero GDV\SIM\SimulacionFisica\skeleton\Rigidbody\RB.h(43,1): warning C5204: "RB": la clase tiene funciones virtuales, pero su destructor trivial no es virtual; puede que las instancias de objetos derivados de esta clase no se destruyan correctamente (compilando archivo de origen Rigidbody\RB_dynamic.cpp)
C:\Users\migue\OneDrive\Escritorio\Trabajos\Tercero GDV\SIM\SimulacionFisica\skeleton\Scenes\Scene.h(18,38): warning C4100: 'key': parámetro formal sin referencia (compilando archivo de origen Rigidbody\RB_dynamic.cpp)
C:\Users\migue\OneDrive\Escritorio\Trabajos\Tercero GDV\SIM\SimulacionFisica\skeleton\Scenes\Scene.h(20,67): warning C4100: 'actor2': parámetro formal sin referencia (compilando archivo de origen Rigidbody\RB_dynamic.cpp)
C:\Users\migue\OneDrive\Escritorio\Trabajos\Tercero GDV\SIM\SimulacionFisica\skeleton\Scenes\Scene.h(20,43): warning C4100: 'actor1': parámetro formal sin referencia (compilando archivo de origen Rigidbody\RB_dynamic.cpp)
C:\Users\migue\OneDrive\Escritorio\Trabajos\Tercero GDV\SIM\SimulacionFisica\skeleton\F_Generators\RB_ForceGenerator.h(20,1): warning C5204: "RB_ForceGenerator": la clase tiene funciones virtuales, pero su destructor trivial no es virtual; puede que las instancias de objetos derivados de esta clase no se destruyan correctamente (compilando archivo de origen RB_System.cpp)
C:\Users\migue\OneDrive\Escritorio\Trabajos\Tercero GDV\SIM\SimulacionFisica\skeleton\F_Generators\RB_ForceGenerator.h(20,1): warning C5204: "RB_ForceGenerator": la clase tiene funciones virtuales, pero su destructor trivial no es virtual; puede que las instancias de objetos derivados de esta clase no se destruyan correctamente (compilando archivo de origen F_Generators\RB_WindGenerator.cpp)
C:\Users\migue\OneDrive\Escritorio\Trabajos\Tercero GDV\SIM\SimulacionFisica\skeleton\F_Generators\RB_ForceGenerator.h(14,28): warning C4100: 't': parámetro formal sin referencia (compilando archivo de origen F_Generators\RB_WindGenerator.cpp)
C:\Users\migue\OneDrive\Escritorio\Trabajos\Tercero GDV\SIM\SimulacionFisica\skeleton\F_Generators\RB_WindGenerator.h(19,1): warning C4626: 'RB_WindGenerator': el operador de asignaciones se definió implícitamente como eliminado (compilando archivo de origen F_Generators\RB_WindGenerator.cpp)
C:\Users\migue\OneDrive\Escritorio\Trabajos\Tercero GDV\SIM\SimulacionFisica\skeleton\F_Generators\RB_WindGenerator.h(19,1): warning C5027: 'RB_WindGenerator': el operador de asignaciones de movimiento se definió implícitamente como eliminado (compilando archivo de origen F_Generators\RB_WindGenerator.cpp)
C:\Users\migue\OneDrive\Escritorio\Trabajos\Tercero GDV\SIM\SimulacionFisica\skeleton\F_Generators\RB_WindGenerator.h(19,1): warning C5204: "RB_WindGenerator": la clase tiene funciones virtuales, pero su destructor trivial no es virtual; puede que las instancias de objetos derivados de esta clase no se destruyan correctamente (compilando archivo de origen F_Generators\RB_WindGenerator.cpp)
C:\Users\migue\OneDrive\Escritorio\Trabajos\Tercero GDV\SIM\SimulacionFisica\skeleton\P_Generators\ParticleGenerator.h(29,1): warning C5204: "ParticleGenerator": la clase tiene funciones virtuales, pero su destructor trivial no es virtual; puede que las instancias de objetos derivados de esta clase no se destruyan correctamente (compilando archivo de origen P_Generators\CustomParticleGenerator.cpp)
C:\Users\migue\OneDrive\Escritorio\Trabajos\Tercero GDV\SIM\SimulacionFisica\skeleton\F_Generators\RB_ForceGenerator.h(14,28): warning C4100: 't': parámetro formal sin referencia (compilando archivo de origen RB_System.cpp)
C:\Users\migue\OneDrive\Escritorio\Trabajos\Tercero GDV\SIM\SimulacionFisica\skeleton\P_Generators\CustomParticleGenerator.h(18,1): warning C4265: "CustomParticleGenerator": la clase tiene funciones virtuales, pero su destructor no trivial no es virtual; puede que las instancias de esta clase no se destruyan correctamente (compilando archivo de origen P_Generators\CustomParticleGenerator.cpp)
C:\Users\migue\OneDrive\Escritorio\Trabajos\Tercero GDV\SIM\SimulacionFisica\skeleton\P_Generators\ParticleGenerator.h(29,1): warning C5204: "ParticleGenerator": la clase tiene funciones virtuales, pero su destructor trivial no es virtual; puede que las instancias de objetos derivados de esta clase no se destruyan correctamente (compilando archivo de origen P_Generators\GeneratorUniforme.cpp)
C:\Users\migue\OneDrive\Escritorio\Trabajos\Tercero GDV\SIM\SimulacionFisica\skeleton\Scenes\SceneRB.h(25,15): warning C4189: 'item': la variable local se ha inicializado pero no se hace referencia a ella (compilando archivo de origen Rigidbody\RB_dynamic.cpp)
C:\Users\migue\OneDrive\Escritorio\Trabajos\Tercero GDV\SIM\SimulacionFisica\skeleton\Scenes\SceneRB.h(38,67): warning C4100: 'actor2': parámetro formal sin referencia (compilando archivo de origen Rigidbody\RB_dynamic.cpp)
C:\Users\migue\OneDrive\Escritorio\Trabajos\Tercero GDV\SIM\SimulacionFisica\skeleton\Scenes\SceneRB.h(38,43): warning C4100: 'actor1': parámetro formal sin referencia (compilando archivo de origen Rigidbody\RB_dynamic.cpp)
C:\Users\migue\OneDrive\Escritorio\Trabajos\Tercero GDV\SIM\SimulacionFisica\skeleton\Rigidbody\RB_dynamic.h(19,1): warning C5204: "RB_dynamic": la clase tiene funciones virtuales, pero su destructor trivial no es virtual; puede que las instancias de objetos derivados de esta clase no se destruyan correctamente (compilando archivo de origen Rigidbody\RB_dynamic.cpp)
C:\Users\migue\OneDrive\Escritorio\Trabajos\Tercero GDV\SIM\SimulacionFisica\skeleton\Rigidbody\RB_dynamic.cpp(16,14): warning C4189: 'item': la variable local se ha inicializado pero no se hace referencia a ella
C:\Users\migue\OneDrive\Escritorio\Trabajos\Tercero GDV\SIM\SimulacionFisica\skeleton\P_Generators\ParticleGenerator.h(29,1): warning C5204: "ParticleGenerator": la clase tiene funciones virtuales, pero su destructor trivial no es virtual; puede que las instancias de objetos derivados de esta clase no se destruyan correctamente (compilando archivo de origen P_Generators\GeneratorNormal.cpp)
C:\Users\migue\OneDrive\Escritorio\Trabajos\Tercero GDV\SIM\SimulacionFisica\skeleton\P_Generators\ParticleGenerator.h(29,1): warning C5204: "ParticleGenerator": la clase tiene funciones virtuales, pero su destructor trivial no es virtual; puede que las instancias de objetos derivados de esta clase no se destruyan correctamente (compilando archivo de origen Scenes\Level1.cpp)
C:\Users\migue\OneDrive\Escritorio\Trabajos\Tercero GDV\SIM\SimulacionFisica\skeleton\P_Generators\CustomParticleGenerator.h(18,1): warning C4265: "CustomParticleGenerator": la clase tiene funciones virtuales, pero su destructor no trivial no es virtual; puede que las instancias de esta clase no se destruyan correctamente (compilando archivo de origen Scenes\Level1.cpp)
C:\Users\migue\OneDrive\Escritorio\Trabajos\Tercero GDV\SIM\SimulacionFisica\skeleton\Scenes\Level1.h(55,1): warning C4626: 'Level1': el operador de asignaciones se definió implícitamente como eliminado (compilando archivo de origen Scenes\Level1.cpp)
C:\Users\migue\OneDrive\Escritorio\Trabajos\Tercero GDV\SIM\SimulacionFisica\skeleton\P_Generators\GeneratorUniforme.h(36,1): warning C4625: 'GeneratorUniforme': el constructor de copia se definió implícitamente como eliminado (compilando archivo de origen P_Generators\GeneratorUniforme.cpp)
C:\Users\migue\OneDrive\Escritorio\Trabajos\Tercero GDV\SIM\SimulacionFisica\skeleton\P_Generators\GeneratorUniforme.h(36,1): warning C5026: 'GeneratorUniforme': el constructor de movimiento se definió implícitamente como eliminado (compilando archivo de origen P_Generators\GeneratorUniforme.cpp)
C:\Users\migue\OneDrive\Escritorio\Trabajos\Tercero GDV\SIM\SimulacionFisica\skeleton\P_Generators\GeneratorUniforme.h(36,1): warning C4626: 'GeneratorUniforme': el operador de asignaciones se definió implícitamente como eliminado (compilando archivo de origen P_Generators\GeneratorUniforme.cpp)
C:\Users\migue\OneDrive\Escritorio\Trabajos\Tercero GDV\SIM\SimulacionFisica\skeleton\P_Generators\GeneratorUniforme.h(36,1): warning C5027: 'GeneratorUniforme': el operador de asignaciones de movimiento se definió implícitamente como eliminado (compilando archivo de origen P_Generators\GeneratorUniforme.cpp)
C:\Users\migue\OneDrive\Escritorio\Trabajos\Tercero GDV\SIM\SimulacionFisica\skeleton\P_Generators\GeneratorUniforme.h(36,1): warning C5204: "GeneratorUniforme": la clase tiene funciones virtuales, pero su destructor trivial no es virtual; puede que las instancias de objetos derivados de esta clase no se destruyan correctamente (compilando archivo de origen P_Generators\GeneratorUniforme.cpp)
C:\Users\migue\OneDrive\Escritorio\Trabajos\Tercero GDV\SIM\SimulacionFisica\skeleton\F_Generators\ForceGenerator.h(21,1): warning C5204: "ForceGenerator": la clase tiene funciones virtuales, pero su destructor trivial no es virtual; puede que las instancias de objetos derivados de esta clase no se destruyan correctamente (compilando archivo de origen F_Generators\ExplosionGenerator.cpp)
C:\Users\migue\OneDrive\Escritorio\Trabajos\Tercero GDV\SIM\SimulacionFisica\skeleton\F_Generators\ForceGenerator.h(14,28): warning C4100: 't': parámetro formal sin referencia (compilando archivo de origen F_Generators\ExplosionGenerator.cpp)
C:\Users\migue\OneDrive\Escritorio\Trabajos\Tercero GDV\SIM\SimulacionFisica\skeleton\F_Generators\ExplosionGenerator.h(22,1): warning C5204: "ExplosionGenerator": la clase tiene funciones virtuales, pero su destructor trivial no es virtual; puede que las instancias de objetos derivados de esta clase no se destruyan correctamente (compilando archivo de origen F_Generators\ExplosionGenerator.cpp)
C:\Users\migue\OneDrive\Escritorio\Trabajos\Tercero GDV\SIM\SimulacionFisica\skeleton\F_Generators\RB_WindGenerator.cpp(13,14): warning C4189: 'item': la variable local se ha inicializado pero no se hace referencia a ella
C:\Users\migue\OneDrive\Escritorio\Trabajos\Tercero GDV\SIM\SimulacionFisica\skeleton\P_Generators\GeneratorNormal.h(38,1): warning C4625: 'GeneratorNormal': el constructor de copia se definió implícitamente como eliminado (compilando archivo de origen P_Generators\GeneratorNormal.cpp)
C:\Users\migue\OneDrive\Escritorio\Trabajos\Tercero GDV\SIM\SimulacionFisica\skeleton\P_Generators\GeneratorNormal.h(38,1): warning C5026: 'GeneratorNormal': el constructor de movimiento se definió implícitamente como eliminado (compilando archivo de origen P_Generators\GeneratorNormal.cpp)
C:\Users\migue\OneDrive\Escritorio\Trabajos\Tercero GDV\SIM\SimulacionFisica\skeleton\P_Generators\GeneratorNormal.h(38,1): warning C4626: 'GeneratorNormal': el operador de asignaciones se definió implícitamente como eliminado (compilando archivo de origen P_Generators\GeneratorNormal.cpp)
C:\Users\migue\OneDrive\Escritorio\Trabajos\Tercero GDV\SIM\SimulacionFisica\skeleton\P_Generators\GeneratorNormal.h(38,1): warning C5027: 'GeneratorNormal': el operador de asignaciones de movimiento se definió implícitamente como eliminado (compilando archivo de origen P_Generators\GeneratorNormal.cpp)
C:\Users\migue\OneDrive\Escritorio\Trabajos\Tercero GDV\SIM\SimulacionFisica\skeleton\P_Generators\GeneratorNormal.h(38,1): warning C5204: "GeneratorNormal": la clase tiene funciones virtuales, pero su destructor trivial no es virtual; puede que las instancias de objetos derivados de esta clase no se destruyan correctamente (compilando archivo de origen P_Generators\GeneratorNormal.cpp)
C:\Users\migue\OneDrive\Escritorio\Trabajos\Tercero GDV\SIM\SimulacionFisica\skeleton\Particle.cpp(28,2): warning C4061: el enumerador 'physx::PxGeometryType::eHEIGHTFIELD' en la instrucción switch de la enumeración 'physx::PxGeometryType::Enum' no está controlado de forma explícita por una etiqueta de caso
C:\Users\migue\OneDrive\Escritorio\Trabajos\Tercero GDV\SIM\SimulacionFisica\common\PhysX-3.4\PhysX_3.4\Include\geometry\PxGeometry.h(53): message : vea la declaración de 'physx::PxGeometryType::Enum'
C:\Users\migue\OneDrive\Escritorio\Trabajos\Tercero GDV\SIM\SimulacionFisica\skeleton\Particle.cpp(28,2): warning C4061: el enumerador 'physx::PxGeometryType::eCAPSULE' en la instrucción switch de la enumeración 'physx::PxGeometryType::Enum' no está controlado de forma explícita por una etiqueta de caso
C:\Users\migue\OneDrive\Escritorio\Trabajos\Tercero GDV\SIM\SimulacionFisica\common\PhysX-3.4\PhysX_3.4\Include\geometry\PxGeometry.h(53): message : vea la declaración de 'physx::PxGeometryType::Enum'
C:\Users\migue\OneDrive\Escritorio\Trabajos\Tercero GDV\SIM\SimulacionFisica\skeleton\Particle.cpp(28,2): warning C4061: el enumerador 'physx::PxGeometryType::eCONVEXMESH' en la instrucción switch de la enumeración 'physx::PxGeometryType::Enum' no está controlado de forma explícita por una etiqueta de caso
C:\Users\migue\OneDrive\Escritorio\Trabajos\Tercero GDV\SIM\SimulacionFisica\common\PhysX-3.4\PhysX_3.4\Include\geometry\PxGeometry.h(53): message : vea la declaración de 'physx::PxGeometryType::Enum'
C:\Users\migue\OneDrive\Escritorio\Trabajos\Tercero GDV\SIM\SimulacionFisica\skeleton\Particle.cpp(28,2): warning C4061: el enumerador 'physx::PxGeometryType::eTRIANGLEMESH' en la instrucción switch de la enumeración 'physx::PxGeometryType::Enum' no está controlado de forma explícita por una etiqueta de caso
C:\Users\migue\OneDrive\Escritorio\Trabajos\Tercero GDV\SIM\SimulacionFisica\common\PhysX-3.4\PhysX_3.4\Include\geometry\PxGeometry.h(53): message : vea la declaración de 'physx::PxGeometryType::Enum'
C:\Users\migue\OneDrive\Escritorio\Trabajos\Tercero GDV\SIM\SimulacionFisica\skeleton\Particle.cpp(28,2): warning C4061: el enumerador 'physx::PxGeometryType::eGEOMETRY_COUNT' en la instrucción switch de la enumeración 'physx::PxGeometryType::Enum' no está controlado de forma explícita por una etiqueta de caso
C:\Users\migue\OneDrive\Escritorio\Trabajos\Tercero GDV\SIM\SimulacionFisica\common\PhysX-3.4\PhysX_3.4\Include\geometry\PxGeometry.h(53): message : vea la declaración de 'physx::PxGeometryType::Enum'
C:\Users\migue\OneDrive\Escritorio\Trabajos\Tercero GDV\SIM\SimulacionFisica\skeleton\Particle.cpp(28,2): warning C4061: el enumerador 'physx::PxGeometryType::eINVALID' en la instrucción switch de la enumeración 'physx::PxGeometryType::Enum' no está controlado de forma explícita por una etiqueta de caso
C:\Users\migue\OneDrive\Escritorio\Trabajos\Tercero GDV\SIM\SimulacionFisica\common\PhysX-3.4\PhysX_3.4\Include\geometry\PxGeometry.h(53): message : vea la declaración de 'physx::PxGeometryType::Enum'
C:\Users\migue\OneDrive\Escritorio\Trabajos\Tercero GDV\SIM\SimulacionFisica\skeleton\Scenes\Scene.h(18,38): warning C4100: 'key': parámetro formal sin referencia (compilando archivo de origen main.cpp)
C:\Users\migue\OneDrive\Escritorio\Trabajos\Tercero GDV\SIM\SimulacionFisica\skeleton\Scenes\Scene.h(20,67): warning C4100: 'actor2': parámetro formal sin referencia (compilando archivo de origen main.cpp)
C:\Users\migue\OneDrive\Escritorio\Trabajos\Tercero GDV\SIM\SimulacionFisica\skeleton\Scenes\Level1.cpp(36,13): warning C4189: 'level1': la variable local se ha inicializado pero no se hace referencia a ella
C:\Users\migue\OneDrive\Escritorio\Trabajos\Tercero GDV\SIM\SimulacionFisica\skeleton\Scenes\Scene.h(20,43): warning C4100: 'actor1': parámetro formal sin referencia (compilando archivo de origen main.cpp)
C:\Users\migue\OneDrive\Escritorio\Trabajos\Tercero GDV\SIM\SimulacionFisica\skeleton\Scenes\Level1.cpp(139,5): warning C4130: '==': operación lógica en dirección de una constante de cadena
C:\Users\migue\OneDrive\Escritorio\Trabajos\Tercero GDV\SIM\SimulacionFisica\skeleton\Scenes\Level1.cpp(140,1): warning C4130: '==': operación lógica en dirección de una constante de cadena
C:\Users\migue\OneDrive\Escritorio\Trabajos\Tercero GDV\SIM\SimulacionFisica\skeleton\F_Generators\ForceGenerator.h(21,1): warning C5204: "ForceGenerator": la clase tiene funciones virtuales, pero su destructor trivial no es virtual; puede que las instancias de objetos derivados de esta clase no se destruyan correctamente (compilando archivo de origen F_Generators\FloatingGenerator.cpp)
C:\Users\migue\OneDrive\Escritorio\Trabajos\Tercero GDV\SIM\SimulacionFisica\skeleton\F_Generators\ForceGenerator.h(14,28): warning C4100: 't': parámetro formal sin referencia (compilando archivo de origen F_Generators\FloatingGenerator.cpp)
C:\Users\migue\OneDrive\Escritorio\Trabajos\Tercero GDV\SIM\SimulacionFisica\skeleton\F_Generators\FloatingGenerator.h(14,1): warning C5204: "FloatingGenerator": la clase tiene funciones virtuales, pero su destructor trivial no es virtual; puede que las instancias de objetos derivados de esta clase no se destruyan correctamente (compilando archivo de origen F_Generators\FloatingGenerator.cpp)
C:\Users\migue\OneDrive\Escritorio\Trabajos\Tercero GDV\SIM\SimulacionFisica\skeleton\P_Generators\ParticleGenerator.h(29,1): warning C5204: "ParticleGenerator": la clase tiene funciones virtuales, pero su destructor trivial no es virtual; puede que las instancias de objetos derivados de esta clase no se destruyan correctamente (compilando archivo de origen ParticleSystem.cpp)
C:\Users\migue\OneDrive\Escritorio\Trabajos\Tercero GDV\SIM\SimulacionFisica\skeleton\F_Generators\ForceGenerator.h(21,1): warning C5204: "ForceGenerator": la clase tiene funciones virtuales, pero su destructor trivial no es virtual; puede que las instancias de objetos derivados de esta clase no se destruyan correctamente (compilando archivo de origen ParticleSystem.cpp)
C:\Users\migue\OneDrive\Escritorio\Trabajos\Tercero GDV\SIM\SimulacionFisica\skeleton\F_Generators\ForceGenerator.h(14,28): warning C4100: 't': parámetro formal sin referencia (compilando archivo de origen ParticleSystem.cpp)
C:\Users\migue\OneDrive\Escritorio\Trabajos\Tercero GDV\SIM\SimulacionFisica\skeleton\ParticleSystem.cpp(12,3): warning C4100: 'p': parámetro formal sin referencia
C:\Users\migue\OneDrive\Escritorio\Trabajos\Tercero GDV\SIM\SimulacionFisica\skeleton\ParticleSystem.cpp(18,3): warning C5205: la eliminación de una clase abstracta "ForceGenerator" que tiene un destructor no virtual produce un comportamiento no definido
C:\Users\migue\OneDrive\Escritorio\Trabajos\Tercero GDV\SIM\SimulacionFisica\skeleton\F_Generators\ForceGenerator.h(5): message : vea la declaración de 'ForceGenerator'
C:\Users\migue\OneDrive\Escritorio\Trabajos\Tercero GDV\SIM\SimulacionFisica\skeleton\P_Generators\ParticleGenerator.h(29,1): warning C5204: "ParticleGenerator": la clase tiene funciones virtuales, pero su destructor trivial no es virtual; puede que las instancias de objetos derivados de esta clase no se destruyan correctamente (compilando archivo de origen main.cpp)
C:\Users\migue\OneDrive\Escritorio\Trabajos\Tercero GDV\SIM\SimulacionFisica\skeleton\ParticleSystem.cpp(23,3): warning C5205: la eliminación de una clase abstracta "ParticleGenerator" que tiene un destructor no virtual produce un comportamiento no definido
C:\Users\migue\OneDrive\Escritorio\Trabajos\Tercero GDV\SIM\SimulacionFisica\skeleton\P_Generators\ParticleGenerator.h(5): message : vea la declaración de 'ParticleGenerator'
C:\Users\migue\OneDrive\Escritorio\Trabajos\Tercero GDV\SIM\SimulacionFisica\skeleton\P_Generators\CustomParticleGenerator.h(18,1): warning C4265: "CustomParticleGenerator": la clase tiene funciones virtuales, pero su destructor no trivial no es virtual; puede que las instancias de esta clase no se destruyan correctamente (compilando archivo de origen main.cpp)
C:\Users\migue\OneDrive\Escritorio\Trabajos\Tercero GDV\SIM\SimulacionFisica\skeleton\F_Generators\ForceGenerator.h(21,1): warning C5204: "ForceGenerator": la clase tiene funciones virtuales, pero su destructor trivial no es virtual; puede que las instancias de objetos derivados de esta clase no se destruyan correctamente (compilando archivo de origen main.cpp)
C:\Users\migue\OneDrive\Escritorio\Trabajos\Tercero GDV\SIM\SimulacionFisica\skeleton\F_Generators\ForceGenerator.h(14,28): warning C4100: 't': parámetro formal sin referencia (compilando archivo de origen main.cpp)
C:\Users\migue\OneDrive\Escritorio\Trabajos\Tercero GDV\SIM\SimulacionFisica\skeleton\F_Generators\ExplosionGenerator.h(22,1): warning C5204: "ExplosionGenerator": la clase tiene funciones virtuales, pero su destructor trivial no es virtual; puede que las instancias de objetos derivados de esta clase no se destruyan correctamente (compilando archivo de origen main.cpp)
C:\Users\migue\OneDrive\Escritorio\Trabajos\Tercero GDV\SIM\SimulacionFisica\skeleton\F_Generators\WhirlwindGenerator.h(14,1): warning C5204: "WhirlwindGenerator": la clase tiene funciones virtuales, pero su destructor trivial no es virtual; puede que las instancias de objetos derivados de esta clase no se destruyan correctamente (compilando archivo de origen main.cpp)
C:\Users\migue\OneDrive\Escritorio\Trabajos\Tercero GDV\SIM\SimulacionFisica\skeleton\F_Generators\WindGenerator.h(14,1): warning C5204: "WindGenerator": la clase tiene funciones virtuales, pero su destructor trivial no es virtual; puede que las instancias de objetos derivados de esta clase no se destruyan correctamente (compilando archivo de origen main.cpp)
C:\Users\migue\OneDrive\Escritorio\Trabajos\Tercero GDV\SIM\SimulacionFisica\skeleton\F_Generators\GravityGenerator.h(13,1): warning C5204: "GravityGenerator": la clase tiene funciones virtuales, pero su destructor trivial no es virtual; puede que las instancias de objetos derivados de esta clase no se destruyan correctamente (compilando archivo de origen main.cpp)
C:\Users\migue\OneDrive\Escritorio\Trabajos\Tercero GDV\SIM\SimulacionFisica\skeleton\F_Generators\SpringAnchorGenerator.h(13,1): warning C5204: "SpringAnchorGenerator": la clase tiene funciones virtuales, pero su destructor trivial no es virtual; puede que las instancias de objetos derivados de esta clase no se destruyan correctamente (compilando archivo de origen main.cpp)
C:\Users\migue\OneDrive\Escritorio\Trabajos\Tercero GDV\SIM\SimulacionFisica\skeleton\Scenes\SceneMuelles.h(19,15): warning C4263: 'void SceneMuelles::keyPress(unsigned char,const physx::PxTransform &)': la función miembro no invalida ninguna función miembro virtual de clase base (compilando archivo de origen main.cpp)
C:\Users\migue\OneDrive\Escritorio\Trabajos\Tercero GDV\SIM\SimulacionFisica\skeleton\Scenes\SceneMuelles.h(29,1): warning C4264: 'void Scene::keyPress(unsigned char)': no hay una invalidación disponible para la función miembro virtual desde la base 'Scene'; la función está oculta (compilando archivo de origen main.cpp)
C:\Users\migue\OneDrive\Escritorio\Trabajos\Tercero GDV\SIM\SimulacionFisica\skeleton\Scenes\Scene.h(18): message : vea la declaración de 'Scene::keyPress' (compilando archivo de origen main.cpp)
C:\Users\migue\OneDrive\Escritorio\Trabajos\Tercero GDV\SIM\SimulacionFisica\skeleton\Scenes\Scene.h(9): message : vea la declaración de 'Scene' (compilando archivo de origen main.cpp)
C:\Users\migue\OneDrive\Escritorio\Trabajos\Tercero GDV\SIM\SimulacionFisica\skeleton\F_Generators\FloatingGenerator.h(14,1): warning C5204: "FloatingGenerator": la clase tiene funciones virtuales, pero su destructor trivial no es virtual; puede que las instancias de objetos derivados de esta clase no se destruyan correctamente (compilando archivo de origen main.cpp)
C:\Users\migue\OneDrive\Escritorio\Trabajos\Tercero GDV\SIM\SimulacionFisica\skeleton\Scenes\SceneFloating.h(18,15): warning C4263: 'void SceneFloating::keyPress(unsigned char,const physx::PxTransform &)': la función miembro no invalida ninguna función miembro virtual de clase base (compilando archivo de origen main.cpp)
C:\Users\migue\OneDrive\Escritorio\Trabajos\Tercero GDV\SIM\SimulacionFisica\skeleton\Scenes\SceneFloating.h(22,1): warning C4264: 'void Scene::keyPress(unsigned char)': no hay una invalidación disponible para la función miembro virtual desde la base 'Scene'; la función está oculta (compilando archivo de origen main.cpp)
C:\Users\migue\OneDrive\Escritorio\Trabajos\Tercero GDV\SIM\SimulacionFisica\skeleton\Scenes\Scene.h(18): message : vea la declaración de 'Scene::keyPress' (compilando archivo de origen main.cpp)
C:\Users\migue\OneDrive\Escritorio\Trabajos\Tercero GDV\SIM\SimulacionFisica\skeleton\Scenes\Scene.h(9): message : vea la declaración de 'Scene' (compilando archivo de origen main.cpp)
C:\Users\migue\OneDrive\Escritorio\Trabajos\Tercero GDV\SIM\SimulacionFisica\skeleton\F_Generators\ForceGenerator.h(21,1): warning C5204: "ForceGenerator": la clase tiene funciones virtuales, pero su destructor trivial no es virtual; puede que las instancias de objetos derivados de esta clase no se destruyan correctamente (compilando archivo de origen F_Generators\GravityGenerator.cpp)
C:\Users\migue\OneDrive\Escritorio\Trabajos\Tercero GDV\SIM\SimulacionFisica\skeleton\F_Generators\ForceGenerator.h(14,28): warning C4100: 't': parámetro formal sin referencia (compilando archivo de origen F_Generators\GravityGenerator.cpp)
C:\Users\migue\OneDrive\Escritorio\Trabajos\Tercero GDV\SIM\SimulacionFisica\skeleton\F_Generators\GravityGenerator.h(13,1): warning C5204: "GravityGenerator": la clase tiene funciones virtuales, pero su destructor trivial no es virtual; puede que las instancias de objetos derivados de esta clase no se destruyan correctamente (compilando archivo de origen F_Generators\GravityGenerator.cpp)
  RB_static.cpp
  RenderUtils.cpp
C:\Users\migue\OneDrive\Escritorio\Trabajos\Tercero GDV\SIM\SimulacionFisica\skeleton\Rigidbody\RB.h(43,1): warning C5204: "RB": la clase tiene funciones virtuales, pero su destructor trivial no es virtual; puede que las instancias de objetos derivados de esta clase no se destruyan correctamente (compilando archivo de origen main.cpp)
  Camera.cpp
C:\Users\migue\OneDrive\Escritorio\Trabajos\Tercero GDV\SIM\SimulacionFisica\skeleton\Scenes\SceneRB.h(25,15): warning C4189: 'item': la variable local se ha inicializado pero no se hace referencia a ella (compilando archivo de origen main.cpp)
C:\Users\migue\OneDrive\Escritorio\Trabajos\Tercero GDV\SIM\SimulacionFisica\skeleton\Scenes\SceneRB.h(38,67): warning C4100: 'actor2': parámetro formal sin referencia (compilando archivo de origen main.cpp)
C:\Users\migue\OneDrive\Escritorio\Trabajos\Tercero GDV\SIM\SimulacionFisica\skeleton\Scenes\SceneRB.h(38,43): warning C4100: 'actor1': parámetro formal sin referencia (compilando archivo de origen main.cpp)
C:\Users\migue\OneDrive\Escritorio\Trabajos\Tercero GDV\SIM\SimulacionFisica\skeleton\Rigidbody\RB_static.h(21,1): warning C5204: "RB_static": la clase tiene funciones virtuales, pero su destructor trivial no es virtual; puede que las instancias de objetos derivados de esta clase no se destruyan correctamente (compilando archivo de origen main.cpp)
  Render.cpp
C:\Users\migue\OneDrive\Escritorio\Trabajos\Tercero GDV\SIM\SimulacionFisica\skeleton\Rigidbody\RB_dynamic.h(19,1): warning C5204: "RB_dynamic": la clase tiene funciones virtuales, pero su destructor trivial no es virtual; puede que las instancias de objetos derivados de esta clase no se destruyan correctamente (compilando archivo de origen main.cpp)
C:\Users\migue\OneDrive\Escritorio\Trabajos\Tercero GDV\SIM\SimulacionFisica\skeleton\F_Generators\RB_ForceGenerator.h(20,1): warning C5204: "RB_ForceGenerator": la clase tiene funciones virtuales, pero su destructor trivial no es virtual; puede que las instancias de objetos derivados de esta clase no se destruyan correctamente (compilando archivo de origen main.cpp)
C:\Users\migue\OneDrive\Escritorio\Trabajos\Tercero GDV\SIM\SimulacionFisica\skeleton\F_Generators\RB_ForceGenerator.h(14,28): warning C4100: 't': parámetro formal sin referencia (compilando archivo de origen main.cpp)
C:\Users\migue\OneDrive\Escritorio\Trabajos\Tercero GDV\SIM\SimulacionFisica\skeleton\F_Generators\RB_WindGenerator.h(19,1): warning C4626: 'RB_WindGenerator': el operador de asignaciones se definió implícitamente como eliminado (compilando archivo de origen main.cpp)
C:\Users\migue\OneDrive\Escritorio\Trabajos\Tercero GDV\SIM\SimulacionFisica\skeleton\F_Generators\RB_WindGenerator.h(19,1): warning C5027: 'RB_WindGenerator': el operador de asignaciones de movimiento se definió implícitamente como eliminado (compilando archivo de origen main.cpp)
C:\Users\migue\OneDrive\Escritorio\Trabajos\Tercero GDV\SIM\SimulacionFisica\skeleton\F_Generators\RB_WindGenerator.h(19,1): warning C5204: "RB_WindGenerator": la clase tiene funciones virtuales, pero su destructor trivial no es virtual; puede que las instancias de objetos derivados de esta clase no se destruyan correctamente (compilando archivo de origen main.cpp)
C:\Users\migue\OneDrive\Escritorio\Trabajos\Tercero GDV\SIM\SimulacionFisica\skeleton\Scenes\Level1.h(55,1): warning C4626: 'Level1': el operador de asignaciones se definió implícitamente como eliminado (compilando archivo de origen main.cpp)
C:\Users\migue\OneDrive\Escritorio\Trabajos\Tercero GDV\SIM\SimulacionFisica\skeleton\main.cpp(149,37): warning C4242: 'argumento': conversión de 'int' a 'unsigned char'; posible pérdida de datos
C:\Users\migue\OneDrive\Escritorio\Trabajos\Tercero GDV\SIM\SimulacionFisica\skeleton\Rigidbody\RB.h(41): warning C4701: posiblemente se utilizó la variable local 'geom' sin inicializar
C:\Users\migue\OneDrive\Escritorio\Trabajos\Tercero GDV\SIM\SimulacionFisica\skeleton\Rigidbody\RB.h(41): warning C4703: posiblemente se utilizó la variable de puntero local 'geom' sin inicializar
C:\Users\migue\OneDrive\Escritorio\Trabajos\Tercero GDV\SIM\SimulacionFisica\skeleton\Rigidbody\RB_dynamic.cpp(12): warning C4701: posiblemente se utilizó la variable local 'geom' sin inicializar
C:\Users\migue\OneDrive\Escritorio\Trabajos\Tercero GDV\SIM\SimulacionFisica\skeleton\Rigidbody\RB_dynamic.cpp(12): warning C4703: posiblemente se utilizó la variable de puntero local 'geom' sin inicializar
  SceneFloating.cpp
  SceneMuelles.cpp
  SceneExplosion.cpp
  SceneWhirlwind.cpp
  SceneWind.cpp
C:\Users\migue\OneDrive\Escritorio\Trabajos\Tercero GDV\SIM\SimulacionFisica\common\PhysX-3.4\PxShared\include\task\PxTask.h(329,1): warning C5220: "physx::PxLightCpuTask::mRefCount": un miembro de datos no estático con un tipo calificado volátil ya no implica
           que los constructores de copia/movimiento generados por el compilador y los operadores de asignación de copia o movimiento no sean triviales (compilando archivo de origen Rigidbody\RB_static.cpp)
C:\Users\migue\OneDrive\Escritorio\Trabajos\Tercero GDV\SIM\SimulacionFisica\common\PhysX-3.4\PxShared\include\task\PxTask.h(326): message : vea la declaración de 'physx::PxLightCpuTask::mRefCount' (compilando archivo de origen Rigidbody\RB_static.cpp)
  SpringJoinParticles.cpp
  SpringAnchorGenerator.cpp
C:\Users\migue\OneDrive\Escritorio\Trabajos\Tercero GDV\SIM\SimulacionFisica\common\PhysX-3.4\PxShared\include\task\PxTask.h(329,1): warning C5220: "physx::PxLightCpuTask::mRefCount": un miembro de datos no estático con un tipo calificado volátil ya no implica
           que los constructores de copia/movimiento generados por el compilador y los operadores de asignación de copia o movimiento no sean triviales (compilando archivo de origen Render\Render.cpp)
C:\Users\migue\OneDrive\Escritorio\Trabajos\Tercero GDV\SIM\SimulacionFisica\common\PhysX-3.4\PxShared\include\task\PxTask.h(326): message : vea la declaración de 'physx::PxLightCpuTask::mRefCount' (compilando archivo de origen Render\Render.cpp)
  SceneTestRB.cpp
  Vector3D.cpp
C:\Users\migue\OneDrive\Escritorio\Trabajos\Tercero GDV\SIM\SimulacionFisica\common\PhysX-3.4\PxShared\include\task\PxTask.h(329,1): warning C5220: "physx::PxLightCpuTask::mRefCount": un miembro de datos no estático con un tipo calificado volátil ya no implica
           que los constructores de copia/movimiento generados por el compilador y los operadores de asignación de copia o movimiento no sean triviales (compilando archivo de origen Scenes\SceneMuelles.cpp)
C:\Users\migue\OneDrive\Escritorio\Trabajos\Tercero GDV\SIM\SimulacionFisica\common\PhysX-3.4\PxShared\include\task\PxTask.h(326): message : vea la declaración de 'physx::PxLightCpuTask::mRefCount' (compilando archivo de origen Scenes\SceneMuelles.cpp)
  WhirlwindGenerator.cpp
C:\Users\migue\OneDrive\Escritorio\Trabajos\Tercero GDV\SIM\SimulacionFisica\common\PhysX-3.4\PxShared\include\task\PxTask.h(329,1): warning C5220: "physx::PxLightCpuTask::mRefCount": un miembro de datos no estático con un tipo calificado volátil ya no implica
           que los constructores de copia/movimiento generados por el compilador y los operadores de asignación de copia o movimiento no sean triviales (compilando archivo de origen Scenes\SceneFloating.cpp)
C:\Users\migue\OneDrive\Escritorio\Trabajos\Tercero GDV\SIM\SimulacionFisica\common\PhysX-3.4\PxShared\include\task\PxTask.h(326): message : vea la declaración de 'physx::PxLightCpuTask::mRefCount' (compilando archivo de origen Scenes\SceneFloating.cpp)
C:\Users\migue\OneDrive\Escritorio\Trabajos\Tercero GDV\SIM\SimulacionFisica\common\PhysX-3.4\PxShared\include\task\PxTask.h(329,1): warning C5220: "physx::PxLightCpuTask::mRefCount": un miembro de datos no estático con un tipo calificado volátil ya no implica
           que los constructores de copia/movimiento generados por el compilador y los operadores de asignación de copia o movimiento no sean triviales (compilando archivo de origen Scenes\SceneExplosion.cpp)
C:\Users\migue\OneDrive\Escritorio\Trabajos\Tercero GDV\SIM\SimulacionFisica\common\PhysX-3.4\PxShared\include\task\PxTask.h(326): message : vea la declaración de 'physx::PxLightCpuTask::mRefCount' (compilando archivo de origen Scenes\SceneExplosion.cpp)
C:\Users\migue\OneDrive\Escritorio\Trabajos\Tercero GDV\SIM\SimulacionFisica\common\PhysX-3.4\PxShared\include\task\PxTask.h(329,1): warning C5220: "physx::PxLightCpuTask::mRefCount": un miembro de datos no estático con un tipo calificado volátil ya no implica
           que los constructores de copia/movimiento generados por el compilador y los operadores de asignación de copia o movimiento no sean triviales (compilando archivo de origen Scenes\SceneWhirlwind.cpp)
C:\Users\migue\OneDrive\Escritorio\Trabajos\Tercero GDV\SIM\SimulacionFisica\common\PhysX-3.4\PxShared\include\task\PxTask.h(326): message : vea la declaración de 'physx::PxLightCpuTask::mRefCount' (compilando archivo de origen Scenes\SceneWhirlwind.cpp)
C:\Users\migue\OneDrive\Escritorio\Trabajos\Tercero GDV\SIM\SimulacionFisica\common\PhysX-3.4\PxShared\include\task\PxTask.h(329,1): warning C5220: "physx::PxLightCpuTask::mRefCount": un miembro de datos no estático con un tipo calificado volátil ya no implica
           que los constructores de copia/movimiento generados por el compilador y los operadores de asignación de copia o movimiento no sean triviales (compilando archivo de origen Scenes\SceneWind.cpp)
C:\Users\migue\OneDrive\Escritorio\Trabajos\Tercero GDV\SIM\SimulacionFisica\common\PhysX-3.4\PxShared\include\task\PxTask.h(326): message : vea la declaración de 'physx::PxLightCpuTask::mRefCount' (compilando archivo de origen Scenes\SceneWind.cpp)
  WindGenerator.cpp
C:\Users\migue\OneDrive\Escritorio\Trabajos\Tercero GDV\SIM\SimulacionFisica\common\PhysX-3.4\PxShared\include\task\PxTask.h(329,1): warning C5220: "physx::PxLightCpuTask::mRefCount": un miembro de datos no estático con un tipo calificado volátil ya no implica
           que los constructores de copia/movimiento generados por el compilador y los operadores de asignación de copia o movimiento no sean triviales (compilando archivo de origen F_Generators\SpringJoinParticles.cpp)
C:\Users\migue\OneDrive\Escritorio\Trabajos\Tercero GDV\SIM\SimulacionFisica\common\PhysX-3.4\PxShared\include\task\PxTask.h(326): message : vea la declaración de 'physx::PxLightCpuTask::mRefCount' (compilando archivo de origen F_Generators\SpringJoinParticles.cpp)
C:\Users\migue\OneDrive\Escritorio\Trabajos\Tercero GDV\SIM\SimulacionFisica\common\PhysX-3.4\PxShared\include\task\PxTask.h(329,1): warning C5220: "physx::PxLightCpuTask::mRefCount": un miembro de datos no estático con un tipo calificado volátil ya no implica
           que los constructores de copia/movimiento generados por el compilador y los operadores de asignación de copia o movimiento no sean triviales (compilando archivo de origen F_Generators\SpringAnchorGenerator.cpp)
C:\Users\migue\OneDrive\Escritorio\Trabajos\Tercero GDV\SIM\SimulacionFisica\common\PhysX-3.4\PxShared\include\task\PxTask.h(326): message : vea la declaración de 'physx::PxLightCpuTask::mRefCount' (compilando archivo de origen F_Generators\SpringAnchorGenerator.cpp)
C:\Users\migue\OneDrive\Escritorio\Trabajos\Tercero GDV\SIM\SimulacionFisica\common\PhysX-3.4\PxShared\include\task\PxTask.h(329,1): warning C5220: "physx::PxLightCpuTask::mRefCount": un miembro de datos no estático con un tipo calificado volátil ya no implica
           que los constructores de copia/movimiento generados por el compilador y los operadores de asignación de copia o movimiento no sean triviales (compilando archivo de origen Scenes\SceneTestRB.cpp)
C:\Users\migue\OneDrive\Escritorio\Trabajos\Tercero GDV\SIM\SimulacionFisica\common\PhysX-3.4\PxShared\include\task\PxTask.h(326): message : vea la declaración de 'physx::PxLightCpuTask::mRefCount' (compilando archivo de origen Scenes\SceneTestRB.cpp)
C:\Users\migue\OneDrive\Escritorio\Trabajos\Tercero GDV\SIM\SimulacionFisica\common\PhysX-3.4\PxShared\include\task\PxTask.h(329,1): warning C5220: "physx::PxLightCpuTask::mRefCount": un miembro de datos no estático con un tipo calificado volátil ya no implica
           que los constructores de copia/movimiento generados por el compilador y los operadores de asignación de copia o movimiento no sean triviales (compilando archivo de origen RenderUtils.cpp)
C:\Users\migue\OneDrive\Escritorio\Trabajos\Tercero GDV\SIM\SimulacionFisica\common\PhysX-3.4\PxShared\include\task\PxTask.h(326): message : vea la declaración de 'physx::PxLightCpuTask::mRefCount' (compilando archivo de origen RenderUtils.cpp)
C:\Users\migue\OneDrive\Escritorio\Trabajos\Tercero GDV\SIM\SimulacionFisica\common\PhysX-3.4\PxShared\include\task\PxTask.h(329,1): warning C5220: "physx::PxLightCpuTask::mRefCount": un miembro de datos no estático con un tipo calificado volátil ya no implica
           que los constructores de copia/movimiento generados por el compilador y los operadores de asignación de copia o movimiento no sean triviales (compilando archivo de origen F_Generators\WhirlwindGenerator.cpp)
C:\Users\migue\OneDrive\Escritorio\Trabajos\Tercero GDV\SIM\SimulacionFisica\common\PhysX-3.4\PxShared\include\task\PxTask.h(326): message : vea la declaración de 'physx::PxLightCpuTask::mRefCount' (compilando archivo de origen F_Generators\WhirlwindGenerator.cpp)
C:\Users\migue\OneDrive\Escritorio\Trabajos\Tercero GDV\SIM\SimulacionFisica\skeleton\Render\Camera.cpp(34,64): warning C4100: 'speed': parámetro formal sin referencia
C:\Users\migue\OneDrive\Escritorio\Trabajos\Tercero GDV\SIM\SimulacionFisica\skeleton\Render\Camera.cpp(34,39): warning C4100: 'key': parámetro formal sin referencia
C:\Users\migue\OneDrive\Escritorio\Trabajos\Tercero GDV\SIM\SimulacionFisica\skeleton\Render\Camera.cpp(76,15): warning C5219: conversión implícita de "int" a "float"; posible pérdida de datos
C:\Users\migue\OneDrive\Escritorio\Trabajos\Tercero GDV\SIM\SimulacionFisica\skeleton\Render\Camera.cpp(77,17): warning C5219: conversión implícita de "int" a "float"; posible pérdida de datos
C:\Users\migue\OneDrive\Escritorio\Trabajos\Tercero GDV\SIM\SimulacionFisica\common\PhysX-3.4\PxShared\include\task\PxTask.h(329,1): warning C5220: "physx::PxLightCpuTask::mRefCount": un miembro de datos no estático con un tipo calificado volátil ya no implica
           que los constructores de copia/movimiento generados por el compilador y los operadores de asignación de copia o movimiento no sean triviales (compilando archivo de origen F_Generators\WindGenerator.cpp)
C:\Users\migue\OneDrive\Escritorio\Trabajos\Tercero GDV\SIM\SimulacionFisica\common\PhysX-3.4\PxShared\include\task\PxTask.h(326): message : vea la declaración de 'physx::PxLightCpuTask::mRefCount' (compilando archivo de origen F_Generators\WindGenerator.cpp)
C:\Users\migue\OneDrive\Escritorio\Trabajos\Tercero GDV\SIM\SimulacionFisica\common\Graphics\include\win32\GL\glut.h(577,26): warning C4505: "glutInit_ATEXIT_HACK": se ha quitado la función sin referencia con vinculación interna (compilando archivo de origen Render\Camera.cpp)
C:\Users\migue\OneDrive\Escritorio\Trabajos\Tercero GDV\SIM\SimulacionFisica\common\Graphics\include\win32\GL\glut.h(594,25): warning C4505: "glutCreateWindow_ATEXIT_HACK": se ha quitado la función sin referencia con vinculación interna (compilando archivo de origen Render\Camera.cpp)
C:\Users\migue\OneDrive\Escritorio\Trabajos\Tercero GDV\SIM\SimulacionFisica\common\Graphics\include\win32\GL\glut.h(640,25): warning C4505: "glutCreateMenu_ATEXIT_HACK": se ha quitado la función sin referencia con vinculación interna (compilando archivo de origen Render\Camera.cpp)
C:\Users\migue\OneDrive\Escritorio\Trabajos\Tercero GDV\SIM\SimulacionFisica\skeleton\Render\Render.cpp(421,28): warning C4267: 'inicializando': conversión de 'size_t' a 'int'; posible pérdida de datos
C:\Users\migue\OneDrive\Escritorio\Trabajos\Tercero GDV\SIM\SimulacionFisica\skeleton\Rigidbody\RB.h(43,1): warning C5204: "RB": la clase tiene funciones virtuales, pero su destructor trivial no es virtual; puede que las instancias de objetos derivados de esta clase no se destruyan correctamente (compilando archivo de origen Rigidbody\RB_static.cpp)
C:\Users\migue\OneDrive\Escritorio\Trabajos\Tercero GDV\SIM\SimulacionFisica\skeleton\Scenes\Scene.h(18,38): warning C4100: 'key': parámetro formal sin referencia (compilando archivo de origen Rigidbody\RB_static.cpp)
C:\Users\migue\OneDrive\Escritorio\Trabajos\Tercero GDV\SIM\SimulacionFisica\skeleton\Scenes\Scene.h(20,67): warning C4100: 'actor2': parámetro formal sin referencia (compilando archivo de origen Rigidbody\RB_static.cpp)
C:\Users\migue\OneDrive\Escritorio\Trabajos\Tercero GDV\SIM\SimulacionFisica\skeleton\Scenes\Scene.h(20,43): warning C4100: 'actor1': parámetro formal sin referencia (compilando archivo de origen Rigidbody\RB_static.cpp)
C:\Users\migue\OneDrive\Escritorio\Trabajos\Tercero GDV\SIM\SimulacionFisica\skeleton\Scenes\Scene.h(18,38): warning C4100: 'key': parámetro formal sin referencia (compilando archivo de origen Scenes\SceneMuelles.cpp)
C:\Users\migue\OneDrive\Escritorio\Trabajos\Tercero GDV\SIM\SimulacionFisica\skeleton\Scenes\Scene.h(20,67): warning C4100: 'actor2': parámetro formal sin referencia (compilando archivo de origen Scenes\SceneMuelles.cpp)
C:\Users\migue\OneDrive\Escritorio\Trabajos\Tercero GDV\SIM\SimulacionFisica\skeleton\Scenes\Scene.h(20,43): warning C4100: 'actor1': parámetro formal sin referencia (compilando archivo de origen Scenes\SceneMuelles.cpp)
C:\Users\migue\OneDrive\Escritorio\Trabajos\Tercero GDV\SIM\SimulacionFisica\skeleton\Scenes\SceneRB.h(25,15): warning C4189: 'item': la variable local se ha inicializado pero no se hace referencia a ella (compilando archivo de origen Rigidbody\RB_static.cpp)
C:\Users\migue\OneDrive\Escritorio\Trabajos\Tercero GDV\SIM\SimulacionFisica\skeleton\Scenes\SceneRB.h(38,67): warning C4100: 'actor2': parámetro formal sin referencia (compilando archivo de origen Rigidbody\RB_static.cpp)
C:\Users\migue\OneDrive\Escritorio\Trabajos\Tercero GDV\SIM\SimulacionFisica\skeleton\Scenes\SceneRB.h(38,43): warning C4100: 'actor1': parámetro formal sin referencia (compilando archivo de origen Rigidbody\RB_static.cpp)
C:\Users\migue\OneDrive\Escritorio\Trabajos\Tercero GDV\SIM\SimulacionFisica\skeleton\Rigidbody\RB_static.h(21,1): warning C5204: "RB_static": la clase tiene funciones virtuales, pero su destructor trivial no es virtual; puede que las instancias de objetos derivados de esta clase no se destruyan correctamente (compilando archivo de origen Rigidbody\RB_static.cpp)
C:\Users\migue\OneDrive\Escritorio\Trabajos\Tercero GDV\SIM\SimulacionFisica\skeleton\Rigidbody\RB_static.cpp(15,14): warning C4189: 'item': la variable local se ha inicializado pero no se hace referencia a ella
C:\Users\migue\OneDrive\Escritorio\Trabajos\Tercero GDV\SIM\SimulacionFisica\skeleton\Scenes\Scene.h(18,38): warning C4100: 'key': parámetro formal sin referencia (compilando archivo de origen Scenes\SceneExplosion.cpp)
C:\Users\migue\OneDrive\Escritorio\Trabajos\Tercero GDV\SIM\SimulacionFisica\skeleton\Scenes\Scene.h(20,67): warning C4100: 'actor2': parámetro formal sin referencia (compilando archivo de origen Scenes\SceneExplosion.cpp)
C:\Users\migue\OneDrive\Escritorio\Trabajos\Tercero GDV\SIM\SimulacionFisica\skeleton\Render\Render.cpp(132): warning C5045: El compilador insertará la mitigación de Spectre para la carga de memoria si se especificó el modificador /Qspectre
  C:\Users\migue\OneDrive\Escritorio\Trabajos\Tercero GDV\SIM\SimulacionFisica\skeleton\Render\Render.cpp(121) : nota: el intervalo "nbPolys" del índice se comprobó por comparación en esta línea
  C:\Users\migue\OneDrive\Escritorio\Trabajos\Tercero GDV\SIM\SimulacionFisica\common\PhysX-3.4\PxShared\include\foundation\PxVec3.h(105) : nota: suministra la carga de memoria en esta línea
C:\Users\migue\OneDrive\Escritorio\Trabajos\Tercero GDV\SIM\SimulacionFisica\skeleton\Scenes\Scene.h(20,43): warning C4100: 'actor1': parámetro formal sin referencia (compilando archivo de origen Scenes\SceneExplosion.cpp)
C:\Users\migue\OneDrive\Escritorio\Trabajos\Tercero GDV\SIM\SimulacionFisica\skeleton\Scenes\Scene.h(18,38): warning C4100: 'key': parámetro formal sin referencia (compilando archivo de origen Scenes\SceneFloating.cpp)
C:\Users\migue\OneDrive\Escritorio\Trabajos\Tercero GDV\SIM\SimulacionFisica\skeleton\Scenes\Scene.h(20,67): warning C4100: 'actor2': parámetro formal sin referencia (compilando archivo de origen Scenes\SceneFloating.cpp)
C:\Users\migue\OneDrive\Escritorio\Trabajos\Tercero GDV\SIM\SimulacionFisica\skeleton\Scenes\Scene.h(20,43): warning C4100: 'actor1': parámetro formal sin referencia (compilando archivo de origen Scenes\SceneFloating.cpp)
C:\Users\migue\OneDrive\Escritorio\Trabajos\Tercero GDV\SIM\SimulacionFisica\skeleton\Scenes\Scene.h(18,38): warning C4100: 'key': parámetro formal sin referencia (compilando archivo de origen Scenes\SceneWind.cpp)
C:\Users\migue\OneDrive\Escritorio\Trabajos\Tercero GDV\SIM\SimulacionFisica\skeleton\Scenes\Scene.h(20,67): warning C4100: 'actor2': parámetro formal sin referencia (compilando archivo de origen Scenes\SceneWind.cpp)
C:\Users\migue\OneDrive\Escritorio\Trabajos\Tercero GDV\SIM\SimulacionFisica\skeleton\Scenes\Scene.h(20,43): warning C4100: 'actor1': parámetro formal sin referencia (compilando archivo de origen Scenes\SceneWind.cpp)
C:\Users\migue\OneDrive\Escritorio\Trabajos\Tercero GDV\SIM\SimulacionFisica\skeleton\Scenes\Scene.h(18,38): warning C4100: 'key': parámetro formal sin referencia (compilando archivo de origen Scenes\SceneWhirlwind.cpp)
C:\Users\migue\OneDrive\Escritorio\Trabajos\Tercero GDV\SIM\SimulacionFisica\skeleton\Scenes\Scene.h(20,67): warning C4100: 'actor2': parámetro formal sin referencia (compilando archivo de origen Scenes\SceneWhirlwind.cpp)
C:\Users\migue\OneDrive\Escritorio\Trabajos\Tercero GDV\SIM\SimulacionFisica\skeleton\Scenes\Scene.h(20,43): warning C4100: 'actor1': parámetro formal sin referencia (compilando archivo de origen Scenes\SceneWhirlwind.cpp)
C:\Users\migue\OneDrive\Escritorio\Trabajos\Tercero GDV\SIM\SimulacionFisica\skeleton\RenderUtils.cpp(56,53): warning C4100: 'y': parámetro formal sin referencia
C:\Users\migue\OneDrive\Escritorio\Trabajos\Tercero GDV\SIM\SimulacionFisica\skeleton\RenderUtils.cpp(56,46): warning C4100: 'x': parámetro formal sin referencia
C:\Users\migue\OneDrive\Escritorio\Trabajos\Tercero GDV\SIM\SimulacionFisica\skeleton\Scenes\Scene.h(18,38): warning C4100: 'key': parámetro formal sin referencia (compilando archivo de origen Scenes\SceneTestRB.cpp)
C:\Users\migue\OneDrive\Escritorio\Trabajos\Tercero GDV\SIM\SimulacionFisica\skeleton\Scenes\Scene.h(20,67): warning C4100: 'actor2': parámetro formal sin referencia (compilando archivo de origen Scenes\SceneTestRB.cpp)
C:\Users\migue\OneDrive\Escritorio\Trabajos\Tercero GDV\SIM\SimulacionFisica\skeleton\Scenes\Scene.h(20,43): warning C4100: 'actor1': parámetro formal sin referencia (compilando archivo de origen Scenes\SceneTestRB.cpp)
C:\Users\migue\OneDrive\Escritorio\Trabajos\Tercero GDV\SIM\SimulacionFisica\skeleton\F_Generators\ForceGenerator.h(21,1): warning C5204: "ForceGenerator": la clase tiene funciones virtuales, pero su destructor trivial no es virtual; puede que las instancias de objetos derivados de esta clase no se destruyan correctamente (compilando archivo de origen Scenes\SceneMuelles.cpp)
C:\Users\migue\OneDrive\Escritorio\Trabajos\Tercero GDV\SIM\SimulacionFisica\skeleton\F_Generators\ForceGenerator.h(14,28): warning C4100: 't': parámetro formal sin referencia (compilando archivo de origen Scenes\SceneMuelles.cpp)
C:\Users\migue\OneDrive\Escritorio\Trabajos\Tercero GDV\SIM\SimulacionFisica\skeleton\F_Generators\SpringAnchorGenerator.h(13,1): warning C5204: "SpringAnchorGenerator": la clase tiene funciones virtuales, pero su destructor trivial no es virtual; puede que las instancias de objetos derivados de esta clase no se destruyan correctamente (compilando archivo de origen Scenes\SceneMuelles.cpp)
C:\Users\migue\OneDrive\Escritorio\Trabajos\Tercero GDV\SIM\SimulacionFisica\skeleton\F_Generators\GravityGenerator.h(13,1): warning C5204: "GravityGenerator": la clase tiene funciones virtuales, pero su destructor trivial no es virtual; puede que las instancias de objetos derivados de esta clase no se destruyan correctamente (compilando archivo de origen Scenes\SceneMuelles.cpp)
C:\Users\migue\OneDrive\Escritorio\Trabajos\Tercero GDV\SIM\SimulacionFisica\skeleton\Scenes\SceneMuelles.h(19,15): warning C4263: 'void SceneMuelles::keyPress(unsigned char,const physx::PxTransform &)': la función miembro no invalida ninguna función miembro virtual de clase base (compilando archivo de origen Scenes\SceneMuelles.cpp)
C:\Users\migue\OneDrive\Escritorio\Trabajos\Tercero GDV\SIM\SimulacionFisica\skeleton\Scenes\SceneMuelles.h(29,1): warning C4264: 'void Scene::keyPress(unsigned char)': no hay una invalidación disponible para la función miembro virtual desde la base 'Scene'; la función está oculta (compilando archivo de origen Scenes\SceneMuelles.cpp)
C:\Users\migue\OneDrive\Escritorio\Trabajos\Tercero GDV\SIM\SimulacionFisica\skeleton\Scenes\Scene.h(18): message : vea la declaración de 'Scene::keyPress' (compilando archivo de origen Scenes\SceneMuelles.cpp)
C:\Users\migue\OneDrive\Escritorio\Trabajos\Tercero GDV\SIM\SimulacionFisica\skeleton\Scenes\Scene.h(9): message : vea la declaración de 'Scene' (compilando archivo de origen Scenes\SceneMuelles.cpp)
C:\Users\migue\OneDrive\Escritorio\Trabajos\Tercero GDV\SIM\SimulacionFisica\skeleton\Scenes\SceneMuelles.cpp(24,85): warning C5219: conversión implícita de "int" a "float"; posible pérdida de datos
C:\Users\migue\OneDrive\Escritorio\Trabajos\Tercero GDV\SIM\SimulacionFisica\skeleton\Scenes\SceneMuelles.cpp(29,98): warning C5219: conversión implícita de "int" a "float"; posible pérdida de datos
C:\Users\migue\OneDrive\Escritorio\Trabajos\Tercero GDV\SIM\SimulacionFisica\skeleton\Scenes\SceneMuelles.cpp(50,67): warning C4100: 'cam': parámetro formal sin referencia
C:\Users\migue\OneDrive\Escritorio\Trabajos\Tercero GDV\SIM\SimulacionFisica\skeleton\Scenes\SceneMuelles.cpp(50,43): warning C4100: 'key': parámetro formal sin referencia
C:\Users\migue\OneDrive\Escritorio\Trabajos\Tercero GDV\SIM\SimulacionFisica\skeleton\Rigidbody\RB.h(43,1): warning C5204: "RB": la clase tiene funciones virtuales, pero su destructor trivial no es virtual; puede que las instancias de objetos derivados de esta clase no se destruyan correctamente (compilando archivo de origen Scenes\SceneTestRB.cpp)
C:\Users\migue\OneDrive\Escritorio\Trabajos\Tercero GDV\SIM\SimulacionFisica\skeleton\F_Generators\ForceGenerator.h(21,1): warning C5204: "ForceGenerator": la clase tiene funciones virtuales, pero su destructor trivial no es virtual; puede que las instancias de objetos derivados de esta clase no se destruyan correctamente (compilando archivo de origen Scenes\SceneFloating.cpp)
C:\Users\migue\OneDrive\Escritorio\Trabajos\Tercero GDV\SIM\SimulacionFisica\skeleton\F_Generators\ForceGenerator.h(14,28): warning C4100: 't': parámetro formal sin referencia (compilando archivo de origen Scenes\SceneFloating.cpp)
C:\Users\migue\OneDrive\Escritorio\Trabajos\Tercero GDV\SIM\SimulacionFisica\skeleton\F_Generators\FloatingGenerator.h(14,1): warning C5204: "FloatingGenerator": la clase tiene funciones virtuales, pero su destructor trivial no es virtual; puede que las instancias de objetos derivados de esta clase no se destruyan correctamente (compilando archivo de origen Scenes\SceneFloating.cpp)
C:\Users\migue\OneDrive\Escritorio\Trabajos\Tercero GDV\SIM\SimulacionFisica\skeleton\F_Generators\GravityGenerator.h(13,1): warning C5204: "GravityGenerator": la clase tiene funciones virtuales, pero su destructor trivial no es virtual; puede que las instancias de objetos derivados de esta clase no se destruyan correctamente (compilando archivo de origen Scenes\SceneFloating.cpp)
C:\Users\migue\OneDrive\Escritorio\Trabajos\Tercero GDV\SIM\SimulacionFisica\skeleton\Scenes\SceneFloating.h(18,15): warning C4263: 'void SceneFloating::keyPress(unsigned char,const physx::PxTransform &)': la función miembro no invalida ninguna función miembro virtual de clase base (compilando archivo de origen Scenes\SceneFloating.cpp)
C:\Users\migue\OneDrive\Escritorio\Trabajos\Tercero GDV\SIM\SimulacionFisica\skeleton\Scenes\SceneFloating.h(22,1): warning C4264: 'void Scene::keyPress(unsigned char)': no hay una invalidación disponible para la función miembro virtual desde la base 'Scene'; la función está oculta (compilando archivo de origen Scenes\SceneFloating.cpp)
C:\Users\migue\OneDrive\Escritorio\Trabajos\Tercero GDV\SIM\SimulacionFisica\skeleton\Scenes\Scene.h(18): message : vea la declaración de 'Scene::keyPress' (compilando archivo de origen Scenes\SceneFloating.cpp)
C:\Users\migue\OneDrive\Escritorio\Trabajos\Tercero GDV\SIM\SimulacionFisica\skeleton\Scenes\Scene.h(9): message : vea la declaración de 'Scene' (compilando archivo de origen Scenes\SceneFloating.cpp)
C:\Users\migue\OneDrive\Escritorio\Trabajos\Tercero GDV\SIM\SimulacionFisica\skeleton\Rigidbody\RB.h(41): warning C4701: posiblemente se utilizó la variable local 'geom' sin inicializar
C:\Users\migue\OneDrive\Escritorio\Trabajos\Tercero GDV\SIM\SimulacionFisica\skeleton\Rigidbody\RB.h(41): warning C4703: posiblemente se utilizó la variable de puntero local 'geom' sin inicializar
C:\Users\migue\OneDrive\Escritorio\Trabajos\Tercero GDV\SIM\SimulacionFisica\skeleton\Scenes\SceneFloating.cpp(26,68): warning C4100: 'cam': parámetro formal sin referencia
C:\Users\migue\OneDrive\Escritorio\Trabajos\Tercero GDV\SIM\SimulacionFisica\skeleton\Scenes\SceneFloating.cpp(26,44): warning C4100: 'key': parámetro formal sin referencia
C:\Users\migue\OneDrive\Escritorio\Trabajos\Tercero GDV\SIM\SimulacionFisica\skeleton\Rigidbody\RB_static.cpp(11): warning C4701: posiblemente se utilizó la variable local 'geom' sin inicializar
C:\Users\migue\OneDrive\Escritorio\Trabajos\Tercero GDV\SIM\SimulacionFisica\skeleton\Rigidbody\RB_static.cpp(11): warning C4703: posiblemente se utilizó la variable de puntero local 'geom' sin inicializar
C:\Users\migue\OneDrive\Escritorio\Trabajos\Tercero GDV\SIM\SimulacionFisica\skeleton\Scenes\SceneRB.h(25,15): warning C4189: 'item': la variable local se ha inicializado pero no se hace referencia a ella (compilando archivo de origen Scenes\SceneTestRB.cpp)
C:\Users\migue\OneDrive\Escritorio\Trabajos\Tercero GDV\SIM\SimulacionFisica\skeleton\Scenes\SceneRB.h(38,67): warning C4100: 'actor2': parámetro formal sin referencia (compilando archivo de origen Scenes\SceneTestRB.cpp)
C:\Users\migue\OneDrive\Escritorio\Trabajos\Tercero GDV\SIM\SimulacionFisica\skeleton\Scenes\SceneRB.h(38,43): warning C4100: 'actor1': parámetro formal sin referencia (compilando archivo de origen Scenes\SceneTestRB.cpp)
C:\Users\migue\OneDrive\Escritorio\Trabajos\Tercero GDV\SIM\SimulacionFisica\skeleton\Rigidbody\RB_static.h(21,1): warning C5204: "RB_static": la clase tiene funciones virtuales, pero su destructor trivial no es virtual; puede que las instancias de objetos derivados de esta clase no se destruyan correctamente (compilando archivo de origen Scenes\SceneTestRB.cpp)
C:\Users\migue\OneDrive\Escritorio\Trabajos\Tercero GDV\SIM\SimulacionFisica\skeleton\Rigidbody\RB_dynamic.h(19,1): warning C5204: "RB_dynamic": la clase tiene funciones virtuales, pero su destructor trivial no es virtual; puede que las instancias de objetos derivados de esta clase no se destruyan correctamente (compilando archivo de origen Scenes\SceneTestRB.cpp)
C:\Users\migue\OneDrive\Escritorio\Trabajos\Tercero GDV\SIM\SimulacionFisica\skeleton\F_Generators\RB_ForceGenerator.h(20,1): warning C5204: "RB_ForceGenerator": la clase tiene funciones virtuales, pero su destructor trivial no es virtual; puede que las instancias de objetos derivados de esta clase no se destruyan correctamente (compilando archivo de origen Scenes\SceneTestRB.cpp)
C:\Users\migue\OneDrive\Escritorio\Trabajos\Tercero GDV\SIM\SimulacionFisica\skeleton\F_Generators\RB_ForceGenerator.h(14,28): warning C4100: 't': parámetro formal sin referencia (compilando archivo de origen Scenes\SceneTestRB.cpp)
C:\Users\migue\OneDrive\Escritorio\Trabajos\Tercero GDV\SIM\SimulacionFisica\skeleton\F_Generators\RB_WindGenerator.h(19,1): warning C4626: 'RB_WindGenerator': el operador de asignaciones se definió implícitamente como eliminado (compilando archivo de origen Scenes\SceneTestRB.cpp)
C:\Users\migue\OneDrive\Escritorio\Trabajos\Tercero GDV\SIM\SimulacionFisica\skeleton\F_Generators\RB_WindGenerator.h(19,1): warning C5027: 'RB_WindGenerator': el operador de asignaciones de movimiento se definió implícitamente como eliminado (compilando archivo de origen Scenes\SceneTestRB.cpp)
C:\Users\migue\OneDrive\Escritorio\Trabajos\Tercero GDV\SIM\SimulacionFisica\skeleton\F_Generators\RB_WindGenerator.h(19,1): warning C5204: "RB_WindGenerator": la clase tiene funciones virtuales, pero su destructor trivial no es virtual; puede que las instancias de objetos derivados de esta clase no se destruyan correctamente (compilando archivo de origen Scenes\SceneTestRB.cpp)
C:\Users\migue\OneDrive\Escritorio\Trabajos\Tercero GDV\SIM\SimulacionFisica\skeleton\F_Generators\SpringJoinParticles.cpp(10,40): warning C4100: 't': parámetro formal sin referencia
C:\Users\migue\OneDrive\Escritorio\Trabajos\Tercero GDV\SIM\SimulacionFisica\skeleton\P_Generators\ParticleGenerator.h(29,1): warning C5204: "ParticleGenerator": la clase tiene funciones virtuales, pero su destructor trivial no es virtual; puede que las instancias de objetos derivados de esta clase no se destruyan correctamente (compilando archivo de origen Scenes\SceneExplosion.cpp)
C:\Users\migue\OneDrive\Escritorio\Trabajos\Tercero GDV\SIM\SimulacionFisica\skeleton\P_Generators\CustomParticleGenerator.h(18,1): warning C4265: "CustomParticleGenerator": la clase tiene funciones virtuales, pero su destructor no trivial no es virtual; puede que las instancias de esta clase no se destruyan correctamente (compilando archivo de origen Scenes\SceneExplosion.cpp)
C:\Users\migue\OneDrive\Escritorio\Trabajos\Tercero GDV\SIM\SimulacionFisica\skeleton\F_Generators\ForceGenerator.h(21,1): warning C5204: "ForceGenerator": la clase tiene funciones virtuales, pero su destructor trivial no es virtual; puede que las instancias de objetos derivados de esta clase no se destruyan correctamente (compilando archivo de origen Scenes\SceneExplosion.cpp)
C:\Users\migue\OneDrive\Escritorio\Trabajos\Tercero GDV\SIM\SimulacionFisica\skeleton\F_Generators\ForceGenerator.h(14,28): warning C4100: 't': parámetro formal sin referencia (compilando archivo de origen Scenes\SceneExplosion.cpp)
C:\Users\migue\OneDrive\Escritorio\Trabajos\Tercero GDV\SIM\SimulacionFisica\skeleton\F_Generators\ExplosionGenerator.h(22,1): warning C5204: "ExplosionGenerator": la clase tiene funciones virtuales, pero su destructor trivial no es virtual; puede que las instancias de objetos derivados de esta clase no se destruyan correctamente (compilando archivo de origen Scenes\SceneExplosion.cpp)
C:\Users\migue\OneDrive\Escritorio\Trabajos\Tercero GDV\SIM\SimulacionFisica\skeleton\F_Generators\ForceGenerator.h(21,1): warning C5204: "ForceGenerator": la clase tiene funciones virtuales, pero su destructor trivial no es virtual; puede que las instancias de objetos derivados de esta clase no se destruyan correctamente (compilando archivo de origen F_Generators\SpringAnchorGenerator.cpp)
C:\Users\migue\OneDrive\Escritorio\Trabajos\Tercero GDV\SIM\SimulacionFisica\skeleton\F_Generators\ForceGenerator.h(14,28): warning C4100: 't': parámetro formal sin referencia (compilando archivo de origen F_Generators\SpringAnchorGenerator.cpp)
C:\Users\migue\OneDrive\Escritorio\Trabajos\Tercero GDV\SIM\SimulacionFisica\skeleton\F_Generators\SpringAnchorGenerator.h(13,1): warning C5204: "SpringAnchorGenerator": la clase tiene funciones virtuales, pero su destructor trivial no es virtual; puede que las instancias de objetos derivados de esta clase no se destruyan correctamente (compilando archivo de origen F_Generators\SpringAnchorGenerator.cpp)
C:\Users\migue\OneDrive\Escritorio\Trabajos\Tercero GDV\SIM\SimulacionFisica\skeleton\F_Generators\ForceGenerator.h(21,1): warning C5204: "ForceGenerator": la clase tiene funciones virtuales, pero su destructor trivial no es virtual; puede que las instancias de objetos derivados de esta clase no se destruyan correctamente (compilando archivo de origen Scenes\SceneWind.cpp)
C:\Users\migue\OneDrive\Escritorio\Trabajos\Tercero GDV\SIM\SimulacionFisica\skeleton\F_Generators\ForceGenerator.h(14,28): warning C4100: 't': parámetro formal sin referencia (compilando archivo de origen Scenes\SceneWind.cpp)
C:\Users\migue\OneDrive\Escritorio\Trabajos\Tercero GDV\SIM\SimulacionFisica\skeleton\F_Generators\WindGenerator.h(14,1): warning C5204: "WindGenerator": la clase tiene funciones virtuales, pero su destructor trivial no es virtual; puede que las instancias de objetos derivados de esta clase no se destruyan correctamente (compilando archivo de origen Scenes\SceneWind.cpp)
C:\Users\migue\OneDrive\Escritorio\Trabajos\Tercero GDV\SIM\SimulacionFisica\skeleton\F_Generators\GravityGenerator.h(13,1): warning C5204: "GravityGenerator": la clase tiene funciones virtuales, pero su destructor trivial no es virtual; puede que las instancias de objetos derivados de esta clase no se destruyan correctamente (compilando archivo de origen Scenes\SceneWind.cpp)
C:\Users\migue\OneDrive\Escritorio\Trabajos\Tercero GDV\SIM\SimulacionFisica\skeleton\P_Generators\ParticleGenerator.h(29,1): warning C5204: "ParticleGenerator": la clase tiene funciones virtuales, pero su destructor trivial no es virtual; puede que las instancias de objetos derivados de esta clase no se destruyan correctamente (compilando archivo de origen Scenes\SceneWind.cpp)
C:\Users\migue\OneDrive\Escritorio\Trabajos\Tercero GDV\SIM\SimulacionFisica\skeleton\P_Generators\ParticleGenerator.h(29,1): warning C5204: "ParticleGenerator": la clase tiene funciones virtuales, pero su destructor trivial no es virtual; puede que las instancias de objetos derivados de esta clase no se destruyan correctamente (compilando archivo de origen Scenes\SceneWhirlwind.cpp)
C:\Users\migue\OneDrive\Escritorio\Trabajos\Tercero GDV\SIM\SimulacionFisica\skeleton\P_Generators\CustomParticleGenerator.h(18,1): warning C4265: "CustomParticleGenerator": la clase tiene funciones virtuales, pero su destructor no trivial no es virtual; puede que las instancias de esta clase no se destruyan correctamente (compilando archivo de origen Scenes\SceneWind.cpp)
C:\Users\migue\OneDrive\Escritorio\Trabajos\Tercero GDV\SIM\SimulacionFisica\skeleton\P_Generators\CustomParticleGenerator.h(18,1): warning C4265: "CustomParticleGenerator": la clase tiene funciones virtuales, pero su destructor no trivial no es virtual; puede que las instancias de esta clase no se destruyan correctamente (compilando archivo de origen Scenes\SceneWhirlwind.cpp)
C:\Users\migue\OneDrive\Escritorio\Trabajos\Tercero GDV\SIM\SimulacionFisica\skeleton\F_Generators\ForceGenerator.h(21,1): warning C5204: "ForceGenerator": la clase tiene funciones virtuales, pero su destructor trivial no es virtual; puede que las instancias de objetos derivados de esta clase no se destruyan correctamente (compilando archivo de origen Scenes\SceneWhirlwind.cpp)
C:\Users\migue\OneDrive\Escritorio\Trabajos\Tercero GDV\SIM\SimulacionFisica\skeleton\F_Generators\ForceGenerator.h(14,28): warning C4100: 't': parámetro formal sin referencia (compilando archivo de origen Scenes\SceneWhirlwind.cpp)
C:\Users\migue\OneDrive\Escritorio\Trabajos\Tercero GDV\SIM\SimulacionFisica\skeleton\F_Generators\WhirlwindGenerator.h(14,1): warning C5204: "WhirlwindGenerator": la clase tiene funciones virtuales, pero su destructor trivial no es virtual; puede que las instancias de objetos derivados de esta clase no se destruyan correctamente (compilando archivo de origen Scenes\SceneWhirlwind.cpp)
C:\Users\migue\OneDrive\Escritorio\Trabajos\Tercero GDV\SIM\SimulacionFisica\skeleton\F_Generators\ForceGenerator.h(21,1): warning C5204: "ForceGenerator": la clase tiene funciones virtuales, pero su destructor trivial no es virtual; puede que las instancias de objetos derivados de esta clase no se destruyan correctamente (compilando archivo de origen F_Generators\WhirlwindGenerator.cpp)
C:\Users\migue\OneDrive\Escritorio\Trabajos\Tercero GDV\SIM\SimulacionFisica\skeleton\F_Generators\ForceGenerator.h(14,28): warning C4100: 't': parámetro formal sin referencia (compilando archivo de origen F_Generators\WhirlwindGenerator.cpp)
C:\Users\migue\OneDrive\Escritorio\Trabajos\Tercero GDV\SIM\SimulacionFisica\skeleton\F_Generators\WhirlwindGenerator.h(14,1): warning C5204: "WhirlwindGenerator": la clase tiene funciones virtuales, pero su destructor trivial no es virtual; puede que las instancias de objetos derivados de esta clase no se destruyan correctamente (compilando archivo de origen F_Generators\WhirlwindGenerator.cpp)
C:\Users\migue\OneDrive\Escritorio\Trabajos\Tercero GDV\SIM\SimulacionFisica\skeleton\Scenes\SceneTestRB.cpp(20,13): warning C4189: 'wall': la variable local se ha inicializado pero no se hace referencia a ella
C:\Users\migue\OneDrive\Escritorio\Trabajos\Tercero GDV\SIM\SimulacionFisica\skeleton\Scenes\SceneTestRB.cpp(8,13): warning C4189: 'stat': la variable local se ha inicializado pero no se hace referencia a ella
C:\Users\migue\OneDrive\Escritorio\Trabajos\Tercero GDV\SIM\SimulacionFisica\skeleton\F_Generators\ForceGenerator.h(21,1): warning C5204: "ForceGenerator": la clase tiene funciones virtuales, pero su destructor trivial no es virtual; puede que las instancias de objetos derivados de esta clase no se destruyan correctamente (compilando archivo de origen F_Generators\WindGenerator.cpp)
C:\Users\migue\OneDrive\Escritorio\Trabajos\Tercero GDV\SIM\SimulacionFisica\skeleton\F_Generators\ForceGenerator.h(14,28): warning C4100: 't': parámetro formal sin referencia (compilando archivo de origen F_Generators\WindGenerator.cpp)
C:\Users\migue\OneDrive\Escritorio\Trabajos\Tercero GDV\SIM\SimulacionFisica\skeleton\F_Generators\WindGenerator.h(14,1): warning C5204: "WindGenerator": la clase tiene funciones virtuales, pero su destructor trivial no es virtual; puede que las instancias de objetos derivados de esta clase no se destruyan correctamente (compilando archivo de origen F_Generators\WindGenerator.cpp)
  game.vcxproj -> C:\Users\migue\OneDrive\Escritorio\Trabajos\Tercero GDV\SIM\SimulacionFisica\bin\game.exe
